[2020-05-12T20:00:54.894] [DEBUG] cheese - login => username:zs,password:123456
[2020-05-12T20:00:54.896] [DEBUG] cheese - zs
[2020-05-12T20:00:55.095] [DEBUG] cheese - null
[2020-05-12T20:00:55.108] [DEBUG] cheese - null
[2020-05-12T20:01:28.128] [DEBUG] cheese - login => username:admin
,password:123456
[2020-05-12T20:01:28.128] [DEBUG] cheese - admin

[2020-05-12T20:01:28.137] [DEBUG] cheese - null
[2020-05-12T20:01:28.137] [DEBUG] cheese - null
[2020-05-12T20:01:38.269] [DEBUG] cheese - login => username:admin
,password:123456
[2020-05-12T20:01:38.269] [DEBUG] cheese - admin

[2020-05-12T20:01:38.272] [DEBUG] cheese - null
[2020-05-12T20:01:38.272] [DEBUG] cheese - null
[2020-05-12T20:01:51.531] [DEBUG] cheese - login => username:admin,password:123456
[2020-05-12T20:01:51.531] [DEBUG] cheese - admin
[2020-05-12T20:01:51.537] [DEBUG] cheese - null
[2020-05-12T20:01:51.538] [DEBUG] cheese - null
[2020-05-13T14:43:25.880] [DEBUG] cheese - login => username:123,password:123456
[2020-05-13T14:43:25.897] [DEBUG] cheese - 123
[2020-05-13T14:43:25.925] [DEBUG] cheese - null
[2020-05-13T14:43:25.941] [DEBUG] cheese - null
[2020-05-13T14:48:25.482] [DEBUG] cheese - login => username:123456,password:123456
[2020-05-13T14:48:25.482] [DEBUG] cheese - 123456
[2020-05-13T14:48:25.486] [DEBUG] cheese - null
[2020-05-13T14:48:25.486] [DEBUG] cheese - null
[2020-05-13T14:48:42.203] [DEBUG] cheese - login => username:admin,password:123456
[2020-05-13T14:48:42.204] [DEBUG] cheese - admin
[2020-05-13T14:48:42.209] [DEBUG] cheese - null
[2020-05-13T14:48:42.209] [DEBUG] cheese - null
[2020-05-13T15:05:43.970] [DEBUG] cheese - login => username:12345,password:123456
[2020-05-13T15:05:44.075] [DEBUG] cheese - 12345
[2020-05-13T15:05:44.233] [DEBUG] cheese - null
[2020-05-13T15:05:44.233] [DEBUG] cheese - null
[2020-05-13T15:05:55.082] [DEBUG] cheese - login => username:admin,password:123456
[2020-05-13T15:05:55.082] [DEBUG] cheese - admin
[2020-05-13T15:05:55.086] [DEBUG] cheese - null
[2020-05-13T15:05:55.086] [DEBUG] cheese - null
[2020-05-13T15:15:28.143] [DEBUG] cheese - login => username:admin,password:123456
[2020-05-13T15:15:28.143] [DEBUG] cheese - admin
[2020-05-13T15:15:28.145] [DEBUG] cheese - null
[2020-05-13T15:15:28.146] [DEBUG] cheese - null
[2020-05-13T15:16:36.772] [DEBUG] cheese - login => username:admin,password:123456
[2020-05-13T15:16:36.772] [DEBUG] cheese - admin
[2020-05-13T15:16:36.776] [DEBUG] cheese - null
[2020-05-13T15:16:36.776] [DEBUG] cheese - null
[2020-05-13T15:37:15.888] [DEBUG] cheese - login => username:admin,password:123456
[2020-05-13T15:37:15.889] [DEBUG] cheese - admin
[2020-05-13T15:37:15.964] [DEBUG] cheese - null
[2020-05-13T15:37:15.964] [DEBUG] cheese - null
[2020-05-13T15:50:34.038] [DEBUG] cheese - login => username:admin,password:123456
[2020-05-13T15:50:34.038] [DEBUG] cheese - admin
[2020-05-13T15:50:34.041] [DEBUG] cheese - null
[2020-05-13T15:50:34.041] [DEBUG] cheese - null
[2020-05-13T15:52:43.207] [DEBUG] cheese - login => username:admin,password:123456
[2020-05-13T15:52:43.208] [DEBUG] cheese - admin
[2020-05-13T15:52:43.210] [DEBUG] cheese - null
[2020-05-13T15:52:43.210] [DEBUG] cheese - null
[2020-05-13T16:20:59.400] [DEBUG] cheese - login => username:admin,password:123456
[2020-05-13T16:20:59.400] [DEBUG] cheese - admin
[2020-05-13T16:20:59.430] [DEBUG] cheese - null
[2020-05-13T16:20:59.430] [DEBUG] cheese - null
[2020-05-13T16:24:28.019] [DEBUG] cheese - login => username:admin,password:123456
[2020-05-13T16:24:28.019] [DEBUG] cheese - admin
[2020-05-13T16:24:28.021] [DEBUG] cheese - null
[2020-05-13T16:24:28.021] [DEBUG] cheese - null
[2020-05-13T16:26:11.578] [DEBUG] cheese - login => username:admin,password:123456
[2020-05-13T16:26:11.578] [DEBUG] cheese - admin
[2020-05-13T16:26:11.580] [DEBUG] cheese - null
[2020-05-13T16:26:11.580] [DEBUG] cheese - null
[2020-05-13T16:30:31.882] [DEBUG] cheese - login => username:admin,password:123456
[2020-05-13T16:30:31.882] [DEBUG] cheese - admin
[2020-05-13T16:30:31.885] [DEBUG] cheese - null
[2020-05-13T16:30:31.885] [DEBUG] cheese - null
[2020-05-13T16:41:10.137] [DEBUG] cheese - login => username:admin,password:123456
[2020-05-13T16:41:10.137] [DEBUG] cheese - admin
[2020-05-13T16:41:10.139] [DEBUG] cheese - null
[2020-05-13T16:41:10.139] [DEBUG] cheese - null
[2020-05-13T17:12:58.678] [DEBUG] cheese - login => username:admin,password:123456
[2020-05-13T17:12:58.678] [DEBUG] cheese - admin
[2020-05-13T17:12:58.681] [DEBUG] cheese - null
[2020-05-13T17:12:58.681] [DEBUG] cheese - null
[2020-05-13T17:14:27.669] [DEBUG] cheese - login => username:admin,password:123456
[2020-05-13T17:14:27.670] [DEBUG] cheese - admin
[2020-05-13T17:14:27.672] [DEBUG] cheese - null
[2020-05-13T17:14:27.672] [DEBUG] cheese - null
[2020-05-13T17:16:35.805] [DEBUG] cheese - login => username:admin,password:123456
[2020-05-13T17:16:35.805] [DEBUG] cheese - admin
[2020-05-13T17:16:35.808] [DEBUG] cheese - null
[2020-05-13T17:16:35.808] [DEBUG] cheese - null
[2020-05-13T18:55:39.399] [DEBUG] cheese - login => username:admin,password:123456
[2020-05-13T18:55:39.425] [DEBUG] cheese - admin
[2020-05-13T18:55:39.428] [DEBUG] cheese - null
[2020-05-13T18:55:39.428] [DEBUG] cheese - null
[2020-05-13T18:55:59.862] [DEBUG] cheese - login => username:admin,password:123456
[2020-05-13T18:55:59.862] [DEBUG] cheese - admin
[2020-05-13T18:55:59.864] [DEBUG] cheese - null
[2020-05-13T18:55:59.864] [DEBUG] cheese - null
[2020-05-13T18:56:01.019] [DEBUG] cheese - login => username:admin,password:123456
[2020-05-13T18:56:01.019] [DEBUG] cheese - admin
[2020-05-13T18:56:01.022] [DEBUG] cheese - null
[2020-05-13T18:56:01.022] [DEBUG] cheese - null
[2020-05-13T19:08:33.569] [DEBUG] cheese - login => username:admin,password:123456
[2020-05-13T19:08:33.569] [DEBUG] cheese - admin
[2020-05-13T19:08:33.574] [DEBUG] cheese - null
[2020-05-13T19:08:33.574] [DEBUG] cheese - null
[2020-05-13T19:10:22.101] [DEBUG] cheese - login => username:admin,password:123456
[2020-05-13T19:10:22.102] [DEBUG] cheese - admin
[2020-05-13T19:10:22.104] [DEBUG] cheese - null
[2020-05-13T19:10:22.105] [DEBUG] cheese - null
[2020-05-13T19:21:27.060] [DEBUG] cheese - login => username:admin,password:123456
[2020-05-13T19:21:27.061] [DEBUG] cheese - admin
[2020-05-13T19:21:27.064] [DEBUG] cheese - null
[2020-05-13T19:21:27.064] [DEBUG] cheese - null
[2020-05-14T13:23:14.205] [DEBUG] cheese - login => username:admin,password:123456
[2020-05-14T13:23:14.257] [DEBUG] cheese - admin
[2020-05-14T13:23:16.520] [DEBUG] cheese - null
[2020-05-14T13:23:16.520] [DEBUG] cheese - null
[2020-05-14T18:36:03.347] [DEBUG] cheese - null
[2020-05-14T20:13:48.453] [DEBUG] cheese - null
[2020-05-14T20:13:51.834] [DEBUG] cheese - null
[2020-05-14T20:16:24.733] [DEBUG] cheese - null
[2020-05-15T13:15:07.393] [DEBUG] cheese - login => username:admin,password:123456
[2020-05-15T13:15:07.410] [DEBUG] cheese - admin
[2020-05-15T13:15:07.683] [DEBUG] cheese - null
[2020-05-15T13:15:07.684] [DEBUG] cheese - null
[2020-05-15T13:15:28.758] [DEBUG] cheese - login => username:admin,password:123456
[2020-05-15T13:15:28.758] [DEBUG] cheese - admin
[2020-05-15T13:15:28.761] [DEBUG] cheese - null
[2020-05-15T13:15:28.761] [DEBUG] cheese - null
[2020-05-15T21:08:00.010] [DEBUG] cheese - login => username:admin,password:123456
[2020-05-15T21:08:00.011] [DEBUG] cheese - admin
[2020-05-15T21:08:00.014] [DEBUG] cheese - null
[2020-05-15T21:08:00.015] [DEBUG] cheese - null
[2020-05-16T12:26:10.380] [DEBUG] cheese - login => username:admin,password:123456
[2020-05-16T12:26:10.403] [DEBUG] cheese - admin
[2020-05-16T12:26:10.596] [DEBUG] cheese - null
[2020-05-16T12:26:10.596] [DEBUG] cheese - null
[2020-05-16T17:28:01.707] [DEBUG] cheese - null
[2020-05-16T18:21:02.543] [DEBUG] cheese - login => username:admin,password:123456
[2020-05-16T18:21:02.545] [DEBUG] cheese - admin
[2020-05-16T18:21:02.558] [DEBUG] cheese - null
[2020-05-16T18:21:02.559] [DEBUG] cheese - null
[2020-05-16T21:41:32.183] [DEBUG] cheese - login => username:admin,password:123456
[2020-05-16T21:41:32.344] [DEBUG] cheese - admin
[2020-05-16T21:41:32.515] [DEBUG] cheese - null
[2020-05-16T21:41:32.563] [DEBUG] cheese - null
[2020-05-17T14:38:22.138] [DEBUG] cheese - login => username:admin,password:123456
[2020-05-17T14:38:22.148] [DEBUG] cheese - admin
[2020-05-17T14:38:22.373] [DEBUG] cheese - null
[2020-05-17T14:38:22.403] [DEBUG] cheese - null
[2020-05-17T15:08:51.586] [DEBUG] cheese - login => username:admin,password:123456
[2020-05-17T15:08:51.586] [DEBUG] cheese - admin
[2020-05-17T15:08:51.669] [DEBUG] cheese - null
[2020-05-17T15:08:51.669] [DEBUG] cheese - null
[2020-05-17T15:08:57.455] [DEBUG] cheese - login => username:admin,password:123456
[2020-05-17T15:08:57.455] [DEBUG] cheese - admin
[2020-05-17T15:08:57.457] [DEBUG] cheese - null
[2020-05-17T15:08:57.458] [DEBUG] cheese - null
[2020-05-17T18:33:30.568] [DEBUG] cheese - login => username:admin,password:123456
[2020-05-17T18:33:30.705] [DEBUG] cheese - admin
[2020-05-17T18:33:31.937] [DEBUG] cheese - null
[2020-05-17T18:33:31.937] [DEBUG] cheese - null
[2020-05-17T18:46:29.005] [DEBUG] cheese - login => username:admin,password:123456
[2020-05-17T18:46:29.005] [DEBUG] cheese - admin
[2020-05-17T18:46:29.008] [DEBUG] cheese - null
[2020-05-17T18:46:29.009] [DEBUG] cheese - null
[2020-05-17T19:36:28.790] [DEBUG] cheese - login => username:admin,password:123456
[2020-05-17T19:36:28.790] [DEBUG] cheese - admin
[2020-05-17T19:36:28.802] [DEBUG] cheese - null
[2020-05-17T19:36:28.802] [DEBUG] cheese - null
[2020-05-17T20:01:34.140] [DEBUG] cheese - login => username:admin,password:123456
[2020-05-17T20:01:34.140] [DEBUG] cheese - admin
[2020-05-17T20:01:34.143] [DEBUG] cheese - null
[2020-05-17T20:01:34.143] [DEBUG] cheese - null
[2020-05-17T20:03:47.397] [DEBUG] cheese - login => username:admin,password:123456
[2020-05-17T20:03:47.397] [DEBUG] cheese - admin
[2020-05-17T20:03:47.401] [DEBUG] cheese - null
[2020-05-17T20:03:47.401] [DEBUG] cheese - null
[2020-05-17T20:04:10.610] [DEBUG] cheese - login => username:admin,password:123456
[2020-05-17T20:04:10.610] [DEBUG] cheese - admin
[2020-05-17T20:04:10.614] [DEBUG] cheese - null
[2020-05-17T20:04:10.614] [DEBUG] cheese - null
[2020-05-17T20:07:53.955] [DEBUG] cheese - login => username:admin,password:123456
[2020-05-17T20:07:53.956] [DEBUG] cheese - admin
[2020-05-17T20:07:53.958] [DEBUG] cheese - null
[2020-05-17T20:07:53.959] [DEBUG] cheese - null
[2020-05-17T20:25:50.103] [DEBUG] cheese - login => username:admin,password:123456
[2020-05-17T20:25:50.103] [DEBUG] cheese - admin
[2020-05-17T20:25:50.110] [DEBUG] cheese - null
[2020-05-17T20:25:50.110] [DEBUG] cheese - null
[2020-05-17T20:46:52.725] [DEBUG] cheese - login => username:admin,password:123456
[2020-05-17T20:46:52.725] [DEBUG] cheese - admin
[2020-05-17T20:46:52.831] [DEBUG] cheese - null
[2020-05-17T20:46:52.831] [DEBUG] cheese - null
[2020-05-18T13:41:46.291] [DEBUG] cheese - login => username:admin,password:123456
[2020-05-18T13:41:46.315] [DEBUG] cheese - admin
[2020-05-18T13:41:46.569] [DEBUG] cheese - null
[2020-05-18T13:41:46.581] [DEBUG] cheese - null
[2020-05-18T15:08:38.838] [DEBUG] cheese - login => username:admin,password:123456
[2020-05-18T15:08:38.838] [DEBUG] cheese - admin
[2020-05-18T15:08:38.986] [DEBUG] cheese - null
[2020-05-18T15:08:38.986] [DEBUG] cheese - null
[2020-05-18T15:08:59.317] [DEBUG] cheese - login => username:admin,password:123456
[2020-05-18T15:08:59.317] [DEBUG] cheese - admin
[2020-05-18T15:08:59.320] [DEBUG] cheese - null
[2020-05-18T15:08:59.320] [DEBUG] cheese - null
[2020-05-18T15:59:22.874] [DEBUG] cheese - login => username:admin,password:123456
[2020-05-18T15:59:22.889] [DEBUG] cheese - admin
[2020-05-18T15:59:22.965] [DEBUG] cheese - null
[2020-05-18T15:59:22.965] [DEBUG] cheese - null
[2020-05-18T15:59:27.359] [DEBUG] cheese - login => username:admin,password:123456
[2020-05-18T15:59:27.359] [DEBUG] cheese - admin
[2020-05-18T15:59:27.361] [DEBUG] cheese - null
[2020-05-18T15:59:27.361] [DEBUG] cheese - null
[2020-05-18T16:04:33.199] [DEBUG] cheese - login => username:admin,password:123456
[2020-05-18T16:04:33.203] [DEBUG] cheese - admin
[2020-05-18T16:04:33.207] [DEBUG] cheese - null
[2020-05-18T16:04:33.306] [DEBUG] cheese - null
[2020-05-18T16:05:06.456] [DEBUG] cheese - login => username:admin,password:123456
[2020-05-18T16:05:06.456] [DEBUG] cheese - admin
[2020-05-18T16:05:06.458] [DEBUG] cheese - null
[2020-05-18T16:05:06.458] [DEBUG] cheese - null
[2020-05-18T16:08:14.263] [DEBUG] cheese - login => username:admin,password:123456
[2020-05-18T16:08:14.263] [DEBUG] cheese - admin
[2020-05-18T16:08:14.266] [DEBUG] cheese - null
[2020-05-18T16:08:14.266] [DEBUG] cheese - null
[2020-05-18T17:00:22.567] [DEBUG] cheese - login => username:admin,password:123456
[2020-05-18T17:00:22.574] [DEBUG] cheese - admin
[2020-05-18T17:00:22.652] [DEBUG] cheese - null
[2020-05-18T17:00:22.653] [DEBUG] cheese - null
[2020-05-18T17:56:48.016] [DEBUG] cheese - login => username:admin,password:123456
[2020-05-18T17:56:48.049] [DEBUG] cheese - admin
[2020-05-18T17:56:48.110] [DEBUG] cheese - null
[2020-05-18T17:56:48.111] [DEBUG] cheese - null
[2020-05-18T18:25:13.958] [DEBUG] cheese - login => username:admin,password:123456
[2020-05-18T18:25:13.959] [DEBUG] cheese - admin
[2020-05-18T18:25:13.962] [DEBUG] cheese - null
[2020-05-18T18:25:13.962] [DEBUG] cheese - null
[2020-05-18T19:19:20.165] [DEBUG] cheese - login => username:admin,password:123456
[2020-05-18T19:19:20.165] [DEBUG] cheese - admin
[2020-05-18T19:19:20.268] [DEBUG] cheese - null
[2020-05-18T19:19:20.268] [DEBUG] cheese - null
[2020-05-19T12:47:34.766] [DEBUG] cheese - login => username:admin,password:123456
[2020-05-19T12:47:34.783] [DEBUG] cheese - admin
[2020-05-19T12:47:34.877] [DEBUG] cheese - null
[2020-05-19T12:47:34.877] [DEBUG] cheese - null
[2020-05-19T13:03:44.057] [DEBUG] cheese - login => username:admin,password:123456
[2020-05-19T13:03:44.058] [DEBUG] cheese - admin
[2020-05-19T13:03:44.063] [DEBUG] cheese - null
[2020-05-19T13:03:44.063] [DEBUG] cheese - null
[2020-05-20T19:06:22.969] [DEBUG] cheese - login => username:admin,password:123456
[2020-05-20T19:06:22.970] [DEBUG] cheese - admin
[2020-05-20T19:06:23.082] [DEBUG] cheese - null
[2020-05-20T19:06:23.106] [DEBUG] cheese - null
[2020-05-20T19:06:37.741] [DEBUG] cheese - login => username:admin,password:123456
[2020-05-20T19:06:37.741] [DEBUG] cheese - admin
[2020-05-20T19:06:37.744] [DEBUG] cheese - null
[2020-05-20T19:06:37.744] [DEBUG] cheese - null
[2020-05-20T19:09:28.736] [DEBUG] cheese - null
[2020-05-21T14:47:57.446] [DEBUG] cheese - login => username:admin,password:123456
[2020-05-21T14:47:57.468] [DEBUG] cheese - admin
[2020-05-21T14:47:57.681] [DEBUG] cheese - null
[2020-05-21T14:47:57.682] [DEBUG] cheese - null
[2020-05-21T14:48:30.098] [DEBUG] cheese - null
[2020-05-21T14:49:15.601] [DEBUG] cheese - null
[2020-05-21T14:49:25.821] [DEBUG] cheese - null
[2020-05-21T14:49:40.915] [DEBUG] cheese - null
[2020-05-21T14:50:24.350] [DEBUG] cheese - null
[2020-05-21T14:52:27.579] [DEBUG] cheese - null
[2020-05-21T14:53:03.029] [DEBUG] cheese - null
[2020-05-21T14:55:36.713] [DEBUG] cheese - null
[2020-05-21T14:56:47.928] [DEBUG] cheese - null
[2020-05-21T14:56:59.412] [DEBUG] cheese - null
[2020-05-21T15:00:20.190] [DEBUG] cheese - null
[2020-05-21T15:02:58.455] [DEBUG] cheese - null
[2020-05-21T15:03:35.755] [DEBUG] cheese - null
[2020-05-21T15:03:47.930] [DEBUG] cheese - null
[2020-05-21T15:04:20.635] [DEBUG] cheese - null
[2020-05-21T15:07:31.863] [DEBUG] cheese - null
[2020-05-21T15:23:52.294] [DEBUG] cheese - null
[2020-05-21T15:27:55.090] [DEBUG] cheese - null
[2020-05-21T16:39:27.866] [DEBUG] cheese - login => username:admin,password:123456
[2020-05-21T16:39:27.867] [DEBUG] cheese - admin
[2020-05-21T16:39:27.872] [DEBUG] cheese - null
[2020-05-21T16:39:27.872] [DEBUG] cheese - null
[2020-05-21T18:39:35.270] [DEBUG] cheese - login => username:admin,password:123456
[2020-05-21T18:39:35.280] [DEBUG] cheese - admin
[2020-05-21T18:39:35.309] [DEBUG] cheese - null
[2020-05-21T18:39:35.318] [DEBUG] cheese - null
[2020-05-21T20:39:47.114] [DEBUG] cheese - login => username:admin,password:123456
[2020-05-21T20:39:47.131] [DEBUG] cheese - admin
[2020-05-21T20:39:47.141] [DEBUG] cheese - null
[2020-05-21T20:39:47.141] [DEBUG] cheese - null
[2020-05-22T14:23:55.600] [DEBUG] cheese - login => username:admin,password:123456
[2020-05-22T14:23:55.624] [DEBUG] cheese - admin
[2020-05-22T14:23:55.933] [DEBUG] cheese - null
[2020-05-22T14:23:55.934] [DEBUG] cheese - null
[2020-05-22T14:30:18.354] [DEBUG] cheese - login => username:admin,password:123456
[2020-05-22T14:30:18.354] [DEBUG] cheese - admin
[2020-05-22T14:30:18.360] [DEBUG] cheese - null
[2020-05-22T14:30:18.360] [DEBUG] cheese - null
[2020-05-22T16:55:32.564] [DEBUG] cheese - login => username:admin,password:123456
[2020-05-22T16:55:32.598] [DEBUG] cheese - admin
[2020-05-22T16:55:32.602] [DEBUG] cheese - null
[2020-05-22T16:55:32.608] [DEBUG] cheese - null
[2020-05-22T17:02:10.400] [DEBUG] cheese - login => username:admin,password:123456
[2020-05-22T17:02:10.401] [DEBUG] cheese - admin
[2020-05-22T17:02:10.413] [DEBUG] cheese - null
[2020-05-22T17:02:10.414] [DEBUG] cheese - null
[2020-05-22T17:02:25.038] [DEBUG] cheese - login => username:admin,password:123456
[2020-05-22T17:02:25.039] [DEBUG] cheese - admin
[2020-05-22T17:02:25.042] [DEBUG] cheese - null
[2020-05-22T17:02:25.042] [DEBUG] cheese - null
[2020-05-22T18:27:21.775] [DEBUG] cheese - login => username:admin,password:123456
[2020-05-22T18:27:21.775] [DEBUG] cheese - admin
[2020-05-22T18:27:21.778] [DEBUG] cheese - null
[2020-05-22T18:27:21.778] [DEBUG] cheese - null
[2020-05-22T18:32:43.310] [DEBUG] cheese - login => username:admin,password:123456
[2020-05-22T18:32:43.310] [DEBUG] cheese - admin
[2020-05-22T18:32:43.313] [DEBUG] cheese - null
[2020-05-22T18:32:43.313] [DEBUG] cheese - null
[2020-05-22T18:38:57.420] [DEBUG] cheese - login => username:admin,password:123456
[2020-05-22T18:38:57.420] [DEBUG] cheese - admin
[2020-05-22T18:38:57.422] [DEBUG] cheese - null
[2020-05-22T18:38:57.422] [DEBUG] cheese - null
[2020-05-22T18:39:06.911] [DEBUG] cheese - login => username:admin,password:123456
[2020-05-22T18:39:06.911] [DEBUG] cheese - admin
[2020-05-22T18:39:06.915] [DEBUG] cheese - null
[2020-05-22T18:39:06.915] [DEBUG] cheese - null
[2020-05-22T18:43:05.545] [DEBUG] cheese - login => username:admin,password:123456
[2020-05-22T18:43:05.545] [DEBUG] cheese - admin
[2020-05-22T18:43:05.550] [DEBUG] cheese - null
[2020-05-22T18:43:05.550] [DEBUG] cheese - null
[2020-05-22T19:04:01.602] [DEBUG] cheese - login => username:admin,password:123456
[2020-05-22T19:04:01.602] [DEBUG] cheese - admin
[2020-05-22T19:04:01.605] [DEBUG] cheese - null
[2020-05-22T19:04:01.605] [DEBUG] cheese - null
[2020-05-22T20:14:14.129] [DEBUG] cheese - login => username:admin,password:123456
[2020-05-22T20:14:14.130] [DEBUG] cheese - admin
[2020-05-22T20:14:14.133] [DEBUG] cheese - null
[2020-05-22T20:14:14.233] [DEBUG] cheese - null
[2020-05-22T20:14:21.967] [DEBUG] cheese - login => username:admin,password:123456
[2020-05-22T20:14:21.967] [DEBUG] cheese - admin
[2020-05-22T20:14:21.970] [DEBUG] cheese - null
[2020-05-22T20:14:21.970] [DEBUG] cheese - null
[2020-05-22T20:28:13.337] [DEBUG] cheese - login => username:admin,password:123456
[2020-05-22T20:28:13.337] [DEBUG] cheese - admin
[2020-05-22T20:28:13.340] [DEBUG] cheese - null
[2020-05-22T20:28:13.340] [DEBUG] cheese - null
[2020-05-23T20:19:16.776] [DEBUG] cheese - login => username:admin,password:123456
[2020-05-23T20:19:16.794] [DEBUG] cheese - admin
[2020-05-23T20:19:17.154] [DEBUG] cheese - null
[2020-05-23T20:19:17.155] [DEBUG] cheese - null
[2020-05-23T20:24:21.782] [DEBUG] cheese - login => username:admin,password:123456
[2020-05-23T20:24:21.783] [DEBUG] cheese - admin
[2020-05-23T20:24:21.786] [DEBUG] cheese - null
[2020-05-23T20:24:21.786] [DEBUG] cheese - null
[2020-05-23T20:31:26.762] [DEBUG] cheese - login => username:admin,password:123456
[2020-05-23T20:31:26.762] [DEBUG] cheese - admin
[2020-05-23T20:31:26.764] [DEBUG] cheese - null
[2020-05-23T20:31:26.765] [DEBUG] cheese - null
[2020-05-23T21:42:15.795] [DEBUG] cheese - login => username:admin,password:123456
[2020-05-23T21:42:15.796] [DEBUG] cheese - admin
[2020-05-23T21:42:15.800] [DEBUG] cheese - null
[2020-05-23T21:42:15.898] [DEBUG] cheese - null
[2020-05-23T22:05:19.382] [DEBUG] cheese - login => username:admin,password:123456
[2020-05-23T22:05:19.382] [DEBUG] cheese - admin
[2020-05-23T22:05:19.384] [DEBUG] cheese - null
[2020-05-23T22:05:19.384] [DEBUG] cheese - null
[2020-05-24T14:30:10.836] [DEBUG] cheese - login => username:admin,password:123456
[2020-05-24T14:30:10.860] [DEBUG] cheese - admin
[2020-05-24T14:30:10.997] [DEBUG] cheese - null
[2020-05-24T14:30:10.997] [DEBUG] cheese - null
[2020-05-24T15:18:47.050] [DEBUG] cheese - null
[2020-05-24T15:43:13.216] [DEBUG] cheese - null
[2020-05-24T15:51:52.588] [DEBUG] cheese - login => username:admin,password:123456
[2020-05-24T15:51:52.589] [DEBUG] cheese - admin
[2020-05-24T15:51:52.593] [DEBUG] cheese - null
[2020-05-24T15:51:52.593] [DEBUG] cheese - null
[2020-05-24T16:00:40.531] [DEBUG] cheese - null
[2020-05-24T16:01:16.051] [DEBUG] cheese - login => username:admin,password:123456
[2020-05-24T16:01:16.052] [DEBUG] cheese - admin
[2020-05-24T16:01:16.055] [DEBUG] cheese - null
[2020-05-24T16:01:16.056] [DEBUG] cheese - null
[2020-05-24T16:04:24.254] [DEBUG] cheese - login => username:admin,password:123456
[2020-05-24T16:04:24.254] [DEBUG] cheese - admin
[2020-05-24T16:04:24.258] [DEBUG] cheese - null
[2020-05-24T16:04:24.259] [DEBUG] cheese - null
[2020-05-24T16:26:07.015] [DEBUG] cheese - null
[2020-05-24T16:34:04.691] [DEBUG] cheese - null
[2020-05-24T16:35:19.576] [DEBUG] cheese - login => username:admin,password:123456
[2020-05-24T16:35:19.576] [DEBUG] cheese - admin
[2020-05-24T16:35:19.579] [DEBUG] cheese - null
[2020-05-24T16:35:19.579] [DEBUG] cheese - null
[2020-05-24T16:46:22.117] [DEBUG] cheese - login => username:admin,password:123456
[2020-05-24T16:46:22.117] [DEBUG] cheese - admin
[2020-05-24T16:46:22.119] [DEBUG] cheese - null
[2020-05-24T16:46:22.119] [DEBUG] cheese - null
[2020-05-24T16:51:57.113] [DEBUG] cheese - login => username:admin,password:123456
[2020-05-24T16:51:57.113] [DEBUG] cheese - admin
[2020-05-24T16:51:57.116] [DEBUG] cheese - null
[2020-05-24T16:51:57.116] [DEBUG] cheese - null
[2020-05-24T16:56:14.036] [DEBUG] cheese - null
[2020-05-24T16:59:45.852] [DEBUG] cheese - login => username:admin,password:123456
[2020-05-24T16:59:45.852] [DEBUG] cheese - admin
[2020-05-24T16:59:45.854] [DEBUG] cheese - null
[2020-05-24T16:59:45.855] [DEBUG] cheese - null
[2020-05-24T17:14:34.771] [DEBUG] cheese - null
[2020-05-24T17:18:43.264] [DEBUG] cheese - login => username:admin,password:123456
[2020-05-24T17:18:43.264] [DEBUG] cheese - admin
[2020-05-24T17:18:43.267] [DEBUG] cheese - null
[2020-05-24T17:18:43.267] [DEBUG] cheese - null
[2020-05-24T17:21:37.585] [DEBUG] cheese - null
[2020-05-24T17:24:16.823] [DEBUG] cheese - login => username:admin,password:123456
[2020-05-24T17:24:16.823] [DEBUG] cheese - admin
[2020-05-24T17:24:16.826] [DEBUG] cheese - null
[2020-05-24T17:24:16.826] [DEBUG] cheese - null
[2020-05-24T17:25:26.500] [DEBUG] cheese - null
[2020-05-24T17:33:54.196] [DEBUG] cheese - login => username:admin,password:123456
[2020-05-24T17:33:54.196] [DEBUG] cheese - admin
[2020-05-24T17:33:54.198] [DEBUG] cheese - null
[2020-05-24T17:33:54.198] [DEBUG] cheese - null
[2020-05-24T18:40:36.932] [DEBUG] cheese - null
[2020-05-24T18:41:36.635] [DEBUG] cheese - login => username:admin,password:123456
[2020-05-24T18:41:36.635] [DEBUG] cheese - admin
[2020-05-24T18:41:36.637] [DEBUG] cheese - null
[2020-05-24T18:41:36.638] [DEBUG] cheese - null
[2020-05-24T18:46:27.382] [DEBUG] cheese - null
[2020-05-24T18:53:03.250] [DEBUG] cheese - null
[2020-05-24T19:22:11.028] [DEBUG] cheese - login => username:admin,password:123456
[2020-05-24T19:22:11.028] [DEBUG] cheese - admin
[2020-05-24T19:22:11.030] [DEBUG] cheese - null
[2020-05-24T19:22:11.031] [DEBUG] cheese - null
[2020-05-24T19:24:56.020] [DEBUG] cheese - login => username:admin,password:123456
[2020-05-24T19:24:56.020] [DEBUG] cheese - admin
[2020-05-24T19:24:56.023] [DEBUG] cheese - null
[2020-05-24T19:24:56.023] [DEBUG] cheese - null
[2020-05-24T19:27:50.393] [DEBUG] cheese - login => username:admin,password:123456
[2020-05-24T19:27:50.393] [DEBUG] cheese - admin
[2020-05-24T19:27:50.436] [DEBUG] cheese - null
[2020-05-24T19:27:50.437] [DEBUG] cheese - null
[2020-05-24T19:31:52.574] [DEBUG] cheese - login => username:admin,password:123456
[2020-05-24T19:31:52.574] [DEBUG] cheese - admin
[2020-05-24T19:31:52.577] [DEBUG] cheese - null
[2020-05-24T19:31:52.577] [DEBUG] cheese - null
[2020-05-24T19:36:40.317] [DEBUG] cheese - login => username:admin,password:123456
[2020-05-24T19:36:40.317] [DEBUG] cheese - admin
[2020-05-24T19:36:40.319] [DEBUG] cheese - null
[2020-05-24T19:36:40.319] [DEBUG] cheese - null
[2020-05-24T20:03:26.559] [DEBUG] cheese - login => username:admin,password:123456
[2020-05-24T20:03:26.559] [DEBUG] cheese - admin
[2020-05-24T20:03:26.561] [DEBUG] cheese - null
[2020-05-24T20:03:26.561] [DEBUG] cheese - null
[2020-05-24T20:17:17.697] [DEBUG] cheese - null
[2020-05-24T20:20:58.943] [DEBUG] cheese - null
[2020-05-24T20:24:17.670] [DEBUG] cheese - login => username:admin,password:123456
[2020-05-24T20:24:17.670] [DEBUG] cheese - admin
[2020-05-24T20:24:17.672] [DEBUG] cheese - null
[2020-05-24T20:24:17.672] [DEBUG] cheese - null
[2020-05-24T20:27:33.465] [DEBUG] cheese - null
[2020-05-25T14:19:16.109] [DEBUG] cheese - login => username:admin,password:123456
[2020-05-25T14:19:16.145] [DEBUG] cheese - admin
[2020-05-25T14:19:16.291] [DEBUG] cheese - null
[2020-05-25T14:19:16.292] [DEBUG] cheese - null
[2020-05-25T17:18:00.100] [DEBUG] cheese - login => username:admin,password:123456
[2020-05-25T17:18:00.203] [DEBUG] cheese - admin
[2020-05-25T17:18:00.206] [DEBUG] cheese - null
[2020-05-25T17:18:00.206] [DEBUG] cheese - null
[2020-05-25T17:21:38.663] [DEBUG] cheese - login => username:admin,password:123456
[2020-05-25T17:21:38.665] [DEBUG] cheese - admin
[2020-05-25T17:21:38.668] [DEBUG] cheese - null
[2020-05-25T17:21:38.669] [DEBUG] cheese - null
[2020-05-25T17:21:47.506] [DEBUG] cheese - login => username:peipei,password:123456
[2020-05-25T17:21:47.507] [DEBUG] cheese - peipei
[2020-05-25T17:21:47.509] [DEBUG] cheese - null
[2020-05-25T17:21:47.509] [DEBUG] cheese - null
[2020-05-25T17:21:49.959] [DEBUG] cheese - null
[2020-05-25T17:21:49.965] [DEBUG] cheese - null
[2020-05-25T17:21:50.500] [DEBUG] cheese - null
[2020-05-25T17:21:50.503] [DEBUG] cheese - null
[2020-05-25T17:21:51.978] [DEBUG] cheese - null
[2020-05-25T17:21:51.980] [DEBUG] cheese - null
[2020-05-25T17:21:51.999] [DEBUG] cheese - null
[2020-05-25T17:21:52.001] [DEBUG] cheese - null
[2020-05-25T17:21:52.011] [DEBUG] cheese - null
[2020-05-25T17:21:52.116] [DEBUG] cheese - null
[2020-05-25T17:21:52.125] [DEBUG] cheese - null
[2020-05-25T17:21:52.128] [DEBUG] cheese - null
[2020-05-25T17:21:52.136] [DEBUG] cheese - null
[2020-05-25T17:21:52.137] [DEBUG] cheese - null
[2020-05-25T17:21:52.147] [DEBUG] cheese - null
[2020-05-25T17:21:52.149] [DEBUG] cheese - null
[2020-05-25T17:21:52.156] [DEBUG] cheese - null
[2020-05-25T17:21:52.159] [DEBUG] cheese - null
[2020-05-25T17:21:52.167] [DEBUG] cheese - null
[2020-05-25T17:21:52.169] [DEBUG] cheese - null
[2020-05-25T17:21:52.177] [DEBUG] cheese - null
[2020-05-25T17:21:52.179] [DEBUG] cheese - null
[2020-05-25T17:21:52.187] [DEBUG] cheese - null
[2020-05-25T17:21:52.188] [DEBUG] cheese - null
[2020-05-25T17:21:52.197] [DEBUG] cheese - null
[2020-05-25T17:21:52.199] [DEBUG] cheese - null
[2020-05-25T17:21:52.482] [DEBUG] cheese - null
[2020-05-25T17:21:52.485] [DEBUG] cheese - null
[2020-05-25T17:21:53.167] [DEBUG] cheese - null
[2020-05-25T17:21:53.170] [DEBUG] cheese - null
[2020-05-25T17:21:53.921] [DEBUG] cheese - null
[2020-05-25T17:21:53.923] [DEBUG] cheese - null
[2020-05-25T17:21:55.074] [DEBUG] cheese - null
[2020-05-25T17:21:55.076] [DEBUG] cheese - null
[2020-05-25T17:21:55.088] [DEBUG] cheese - null
[2020-05-25T17:21:55.090] [DEBUG] cheese - null
[2020-05-25T17:21:55.099] [DEBUG] cheese - null
[2020-05-25T17:21:55.101] [DEBUG] cheese - null
[2020-05-25T17:21:55.108] [DEBUG] cheese - null
[2020-05-25T17:21:55.111] [DEBUG] cheese - null
[2020-05-25T17:21:55.117] [DEBUG] cheese - null
[2020-05-25T17:21:55.119] [DEBUG] cheese - null
[2020-05-25T17:21:55.125] [DEBUG] cheese - null
[2020-05-25T17:21:55.127] [DEBUG] cheese - null
[2020-05-25T17:21:55.133] [DEBUG] cheese - null
[2020-05-25T17:21:55.134] [DEBUG] cheese - null
[2020-05-25T17:21:55.140] [DEBUG] cheese - null
[2020-05-25T17:21:55.143] [DEBUG] cheese - null
[2020-05-25T17:21:55.148] [DEBUG] cheese - null
[2020-05-25T17:21:55.150] [DEBUG] cheese - null
[2020-05-25T17:21:55.156] [DEBUG] cheese - null
[2020-05-25T17:21:55.158] [DEBUG] cheese - null
[2020-05-25T17:21:55.165] [DEBUG] cheese - null
[2020-05-25T17:21:55.167] [DEBUG] cheese - null
[2020-05-25T17:21:58.128] [DEBUG] cheese - null
[2020-05-25T17:21:58.131] [DEBUG] cheese - null
[2020-05-25T17:21:59.411] [DEBUG] cheese - null
[2020-05-25T17:21:59.414] [DEBUG] cheese - null
[2020-05-25T17:22:00.044] [DEBUG] cheese - null
[2020-05-25T17:22:00.047] [DEBUG] cheese - null
[2020-05-25T17:22:04.181] [DEBUG] cheese - login => username:admin,password:123456
[2020-05-25T17:22:04.181] [DEBUG] cheese - admin
[2020-05-25T17:22:04.184] [DEBUG] cheese - null
[2020-05-25T17:22:04.184] [DEBUG] cheese - null
[2020-05-25T20:16:28.046] [DEBUG] cheese - login => username:admin,password:123456
[2020-05-25T20:16:28.048] [DEBUG] cheese - admin
[2020-05-25T20:16:28.051] [DEBUG] cheese - null
[2020-05-25T20:16:28.051] [DEBUG] cheese - null
[2020-05-25T20:37:02.297] [DEBUG] cheese - login => username:admin,password:123456
[2020-05-25T20:37:02.297] [DEBUG] cheese - admin
[2020-05-25T20:37:02.300] [DEBUG] cheese - null
[2020-05-25T20:37:02.300] [DEBUG] cheese - null
[2020-05-26T13:22:45.405] [DEBUG] cheese - login => username:admin,password:123456
[2020-05-26T13:22:45.502] [DEBUG] cheese - admin
[2020-05-26T13:22:45.681] [DEBUG] cheese - null
[2020-05-26T13:22:45.694] [DEBUG] cheese - null
[2020-05-26T13:27:08.238] [DEBUG] cheese - login => username:admin,password:123456
[2020-05-26T13:27:08.238] [DEBUG] cheese - admin
[2020-05-26T13:27:08.240] [DEBUG] cheese - null
[2020-05-26T13:27:08.240] [DEBUG] cheese - null
[2020-05-26T13:27:18.000] [DEBUG] cheese - login => username:admin,password:123456
[2020-05-26T13:27:18.000] [DEBUG] cheese - admin
[2020-05-26T13:27:18.003] [DEBUG] cheese - null
[2020-05-26T13:27:18.004] [DEBUG] cheese - null
[2020-05-26T13:28:42.005] [DEBUG] cheese - login => username:admin,password:123456
[2020-05-26T13:28:42.005] [DEBUG] cheese - admin
[2020-05-26T13:28:42.008] [DEBUG] cheese - null
[2020-05-26T13:28:42.008] [DEBUG] cheese - null
[2020-05-26T13:28:44.048] [DEBUG] cheese - login => username:admin,password:123456
[2020-05-26T13:28:44.048] [DEBUG] cheese - admin
[2020-05-26T13:28:44.051] [DEBUG] cheese - null
[2020-05-26T13:28:44.051] [DEBUG] cheese - null
[2020-05-26T14:12:21.496] [DEBUG] cheese - login => username:admin,password:123456
[2020-05-26T14:12:21.497] [DEBUG] cheese - admin
[2020-05-26T14:12:21.558] [DEBUG] cheese - null
[2020-05-26T14:12:21.558] [DEBUG] cheese - null
[2020-05-26T14:30:34.760] [DEBUG] cheese - login => username:admin,password:123456
[2020-05-26T14:30:34.760] [DEBUG] cheese - admin
[2020-05-26T14:30:34.871] [DEBUG] cheese - null
[2020-05-26T14:30:34.871] [DEBUG] cheese - null
[2020-05-26T14:44:06.027] [DEBUG] cheese - login => username:admin,password:123456
[2020-05-26T14:44:06.027] [DEBUG] cheese - admin
[2020-05-26T14:44:06.031] [DEBUG] cheese - null
[2020-05-26T14:44:06.031] [DEBUG] cheese - null
[2020-05-26T15:22:53.861] [DEBUG] cheese - login => username:admin,password:123456
[2020-05-26T15:22:53.862] [DEBUG] cheese - admin
[2020-05-26T15:22:53.976] [DEBUG] cheese - null
[2020-05-26T15:22:53.976] [DEBUG] cheese - null
[2020-05-26T15:30:02.219] [DEBUG] cheese - login => username:admin,password:123456
[2020-05-26T15:30:02.219] [DEBUG] cheese - admin
[2020-05-26T15:30:02.224] [DEBUG] cheese - null
[2020-05-26T15:30:02.224] [DEBUG] cheese - null
[2020-05-26T15:38:35.870] [DEBUG] cheese - login => username:admin,password:123456
[2020-05-26T15:38:35.870] [DEBUG] cheese - admin
[2020-05-26T15:38:35.873] [DEBUG] cheese - null
[2020-05-26T15:38:35.873] [DEBUG] cheese - null
[2020-05-26T15:38:38.108] [DEBUG] cheese - login => username:admin,password:123456
[2020-05-26T15:38:38.109] [DEBUG] cheese - admin
[2020-05-26T15:38:38.112] [DEBUG] cheese - null
[2020-05-26T15:38:38.112] [DEBUG] cheese - null
[2020-05-26T15:39:08.357] [DEBUG] cheese - login => username:admin,password:123456
[2020-05-26T15:39:08.357] [DEBUG] cheese - admin
[2020-05-26T15:39:08.359] [DEBUG] cheese - null
[2020-05-26T15:39:08.359] [DEBUG] cheese - null
[2020-05-26T16:07:40.653] [DEBUG] cheese - login => username:admin,password:123456
[2020-05-26T16:07:40.653] [DEBUG] cheese - admin
[2020-05-26T16:07:40.657] [DEBUG] cheese - null
[2020-05-26T16:07:40.657] [DEBUG] cheese - null
[2020-05-26T16:10:38.927] [DEBUG] cheese - login => username:admin,password:123456
[2020-05-26T16:10:38.927] [DEBUG] cheese - admin
[2020-05-26T16:10:38.930] [DEBUG] cheese - null
[2020-05-26T16:10:38.930] [DEBUG] cheese - null
[2020-05-26T16:16:09.722] [DEBUG] cheese - login => username:admin,password:123456
[2020-05-26T16:16:09.722] [DEBUG] cheese - admin
[2020-05-26T16:16:09.725] [DEBUG] cheese - null
[2020-05-26T16:16:09.725] [DEBUG] cheese - null
[2020-05-26T16:36:29.533] [DEBUG] cheese - login => username:admin,password:123456
[2020-05-26T16:36:29.533] [DEBUG] cheese - admin
[2020-05-26T16:36:29.535] [DEBUG] cheese - null
[2020-05-26T16:36:29.535] [DEBUG] cheese - null
[2020-05-26T18:29:42.531] [DEBUG] cheese - login => username:admin,password:123456
[2020-05-26T18:29:42.533] [DEBUG] cheese - admin
[2020-05-26T18:29:42.595] [DEBUG] cheese - null
[2020-05-26T18:29:42.602] [DEBUG] cheese - null
[2020-05-26T18:36:40.267] [DEBUG] cheese - login => username:admin,password:123456
[2020-05-26T18:36:40.267] [DEBUG] cheese - admin
[2020-05-26T18:36:40.270] [DEBUG] cheese - null
[2020-05-26T18:36:40.270] [DEBUG] cheese - null
[2020-06-01T20:53:02.071] [DEBUG] cheese - login => username:admin,password:123456
[2020-06-01T20:53:02.125] [DEBUG] cheese - admin
[2020-06-01T20:53:02.873] [DEBUG] cheese - null
[2020-06-01T20:53:02.896] [DEBUG] cheese - null
[2020-06-01T20:53:29.967] [DEBUG] cheese - login => username:admin,password:123456
[2020-06-01T20:53:29.968] [DEBUG] cheese - admin
[2020-06-01T20:53:29.971] [DEBUG] cheese - null
[2020-06-01T20:53:29.971] [DEBUG] cheese - null
[2020-06-02T13:51:52.395] [DEBUG] cheese - login => username:admin,password:123456
[2020-06-02T13:51:52.484] [DEBUG] cheese - admin
[2020-06-02T13:51:53.022] [DEBUG] cheese - null
[2020-06-02T13:51:53.023] [DEBUG] cheese - null
[2020-06-02T13:53:25.112] [DEBUG] cheese - login => username:admin,password:123456
[2020-06-02T13:53:25.112] [DEBUG] cheese - admin
[2020-06-02T13:53:25.115] [DEBUG] cheese - null
[2020-06-02T13:53:25.116] [DEBUG] cheese - null
[2020-06-02T13:57:47.490] [DEBUG] cheese - login => username:admin,password:123456
[2020-06-02T13:57:47.490] [DEBUG] cheese - admin
[2020-06-02T13:57:47.493] [DEBUG] cheese - null
[2020-06-02T13:57:47.493] [DEBUG] cheese - null
[2020-06-07T13:04:08.881] [DEBUG] cheese - login => username:admin,password:123456
[2020-06-07T13:04:08.896] [DEBUG] cheese - admin
[2020-06-07T13:04:09.043] [DEBUG] cheese - null
[2020-06-07T13:04:09.044] [DEBUG] cheese - null
[2020-06-08T12:35:02.893] [DEBUG] cheese - login => username:admin,password:123456
[2020-06-08T12:35:02.912] [DEBUG] cheese - admin
[2020-06-08T12:35:03.087] [DEBUG] cheese - null
[2020-06-08T12:35:03.094] [DEBUG] cheese - null
[2020-06-08T13:29:30.033] [DEBUG] cheese - login => username:admin,password:123456
[2020-06-08T13:29:30.033] [DEBUG] cheese - admin
[2020-06-08T13:29:30.039] [DEBUG] cheese - null
[2020-06-08T13:29:30.039] [DEBUG] cheese - null
[2020-06-08T14:17:27.959] [DEBUG] cheese - login => username:admin,password:123456
[2020-06-08T14:17:27.960] [DEBUG] cheese - admin
[2020-06-08T14:17:27.964] [DEBUG] cheese - null
[2020-06-08T14:17:28.043] [DEBUG] cheese - null
[2020-06-08T14:19:25.245] [DEBUG] cheese - login => username:admin,password:123456
[2020-06-08T14:19:25.246] [DEBUG] cheese - admin
[2020-06-08T14:19:25.249] [DEBUG] cheese - null
[2020-06-08T14:19:25.249] [DEBUG] cheese - null
[2020-06-08T14:19:27.235] [DEBUG] cheese - login => username:admin,password:123456
[2020-06-08T14:19:27.236] [DEBUG] cheese - admin
[2020-06-08T14:19:27.238] [DEBUG] cheese - null
[2020-06-08T14:19:27.239] [DEBUG] cheese - null
[2020-06-08T17:48:24.799] [DEBUG] cheese - login => username:admin,password:123456
[2020-06-08T17:48:24.818] [DEBUG] cheese - admin
[2020-06-08T17:48:24.937] [DEBUG] cheese - null
[2020-06-08T17:48:24.938] [DEBUG] cheese - null
[2020-06-08T18:33:59.973] [DEBUG] cheese - login => username:admin,password:123456
[2020-06-08T18:33:59.973] [DEBUG] cheese - admin
[2020-06-08T18:34:00.156] [DEBUG] cheese - null
[2020-06-08T18:34:00.156] [DEBUG] cheese - null
[2020-06-08T18:58:58.943] [DEBUG] cheese - login => username:admin,password:123456
[2020-06-08T18:58:58.943] [DEBUG] cheese - admin
[2020-06-08T18:58:58.946] [DEBUG] cheese - null
[2020-06-08T18:58:58.946] [DEBUG] cheese - null
[2020-06-08T19:31:11.170] [DEBUG] cheese - login => username:admin,password:123456
[2020-06-08T19:31:11.170] [DEBUG] cheese - admin
[2020-06-08T19:31:11.173] [DEBUG] cheese - null
[2020-06-08T19:31:11.173] [DEBUG] cheese - null
[2020-06-09T13:38:37.716] [DEBUG] cheese - login => username:admin,password:123456
[2020-06-09T13:38:37.717] [DEBUG] cheese - admin
[2020-06-09T13:38:38.032] [DEBUG] cheese - null
[2020-06-09T13:38:38.033] [DEBUG] cheese - null
[2020-06-09T14:12:50.680] [DEBUG] cheese - login => username:admin,password:123456
[2020-06-09T14:12:50.680] [DEBUG] cheese - admin
[2020-06-09T14:12:50.768] [DEBUG] cheese - null
[2020-06-09T14:12:50.768] [DEBUG] cheese - null
[2020-06-09T15:07:42.144] [DEBUG] cheese - login => username:admin,password:123456
[2020-06-09T15:07:42.144] [DEBUG] cheese - admin
[2020-06-09T15:07:42.149] [DEBUG] cheese - null
[2020-06-09T15:07:42.149] [DEBUG] cheese - null
[2020-06-09T15:36:01.156] [DEBUG] cheese - login => username:admin,password:123456
[2020-06-09T15:36:01.156] [DEBUG] cheese - admin
[2020-06-09T15:36:01.160] [DEBUG] cheese - null
[2020-06-09T15:36:01.160] [DEBUG] cheese - null
[2020-06-09T15:50:39.657] [DEBUG] cheese - login => username:admin,password:123456
[2020-06-09T15:50:39.658] [DEBUG] cheese - admin
[2020-06-09T15:50:39.789] [DEBUG] cheese - null
[2020-06-09T15:50:39.790] [DEBUG] cheese - null
[2020-06-09T16:03:43.618] [DEBUG] cheese - login => username:admin,password:123456
[2020-06-09T16:03:43.619] [DEBUG] cheese - admin
[2020-06-09T16:03:43.654] [DEBUG] cheese - null
[2020-06-09T16:03:43.655] [DEBUG] cheese - null
[2020-06-09T16:28:19.518] [DEBUG] cheese - login => username:admin,password:123456
[2020-06-09T16:28:19.518] [DEBUG] cheese - admin
[2020-06-09T16:28:19.521] [DEBUG] cheese - null
[2020-06-09T16:28:19.521] [DEBUG] cheese - null
[2020-06-09T16:29:48.422] [DEBUG] cheese - login => username:1095725482,password:123456
[2020-06-09T16:29:48.422] [DEBUG] cheese - 1095725482
[2020-06-09T16:29:48.426] [DEBUG] cheese - null
[2020-06-09T16:29:48.426] [DEBUG] cheese - null
[2020-06-09T16:29:59.752] [DEBUG] cheese - login => username:admin,password:123456
[2020-06-09T16:29:59.752] [DEBUG] cheese - admin
[2020-06-09T16:29:59.756] [DEBUG] cheese - null
[2020-06-09T16:29:59.756] [DEBUG] cheese - null
[2020-06-09T16:44:16.604] [DEBUG] cheese - login => username:admin,password:123456
[2020-06-09T16:44:16.606] [DEBUG] cheese - admin
[2020-06-09T16:44:16.622] [DEBUG] cheese - null
[2020-06-09T16:44:16.622] [DEBUG] cheese - null
[2020-06-09T16:57:17.321] [DEBUG] cheese - login => username:admin,password:123456
[2020-06-09T16:57:17.322] [DEBUG] cheese - admin
[2020-06-09T16:57:17.326] [DEBUG] cheese - null
[2020-06-09T16:57:17.326] [DEBUG] cheese - null
[2020-06-09T17:02:08.472] [DEBUG] cheese - login => username:admin,password:123456
[2020-06-09T17:02:08.473] [DEBUG] cheese - admin
[2020-06-09T17:02:08.476] [DEBUG] cheese - null
[2020-06-09T17:02:08.476] [DEBUG] cheese - null
[2020-06-09T17:52:13.888] [DEBUG] cheese - login => username:admin,password:123456
[2020-06-09T17:52:13.889] [DEBUG] cheese - admin
[2020-06-09T17:52:13.892] [DEBUG] cheese - null
[2020-06-09T17:52:13.893] [DEBUG] cheese - null
[2020-06-09T17:57:39.982] [DEBUG] cheese - login => username:admin,password:123456
[2020-06-09T17:57:39.982] [DEBUG] cheese - admin
[2020-06-09T17:57:39.984] [DEBUG] cheese - null
[2020-06-09T17:57:39.985] [DEBUG] cheese - null
[2020-06-09T17:57:45.278] [DEBUG] cheese - login => username:admin,password:123456
[2020-06-09T17:57:45.279] [DEBUG] cheese - admin
[2020-06-09T17:57:45.282] [DEBUG] cheese - null
[2020-06-09T17:57:45.282] [DEBUG] cheese - null
[2020-06-09T17:57:50.008] [DEBUG] cheese - login => username:admin,password:123456
[2020-06-09T17:57:50.008] [DEBUG] cheese - admin
[2020-06-09T17:57:50.011] [DEBUG] cheese - null
[2020-06-09T17:57:50.011] [DEBUG] cheese - null
[2020-06-09T18:12:51.539] [DEBUG] cheese - login => username:admin,password:123456
[2020-06-09T18:12:51.540] [DEBUG] cheese - admin
[2020-06-09T18:12:51.548] [DEBUG] cheese - null
[2020-06-09T18:12:51.548] [DEBUG] cheese - null
[2020-06-09T18:25:54.328] [DEBUG] cheese - login => username:admin,password:123456
[2020-06-09T18:25:54.328] [DEBUG] cheese - admin
[2020-06-09T18:25:54.331] [DEBUG] cheese - null
[2020-06-09T18:25:54.331] [DEBUG] cheese - null
[2020-06-09T18:51:49.262] [DEBUG] cheese - login => username:admin,password:123456
[2020-06-09T18:51:49.262] [DEBUG] cheese - admin
[2020-06-09T18:51:49.265] [DEBUG] cheese - null
[2020-06-09T18:51:49.265] [DEBUG] cheese - null
[2020-06-09T18:57:33.108] [DEBUG] cheese - login => username:admin,password:123456
[2020-06-09T18:57:33.108] [DEBUG] cheese - admin
[2020-06-09T18:57:33.111] [DEBUG] cheese - null
[2020-06-09T18:57:33.112] [DEBUG] cheese - null
[2020-06-09T19:01:58.405] [DEBUG] cheese - login => username:admin,password:123456
[2020-06-09T19:01:58.405] [DEBUG] cheese - admin
[2020-06-09T19:01:58.409] [DEBUG] cheese - null
[2020-06-09T19:01:58.409] [DEBUG] cheese - null
[2020-06-09T19:07:53.763] [DEBUG] cheese - login => username:admin,password:123456
[2020-06-09T19:07:53.763] [DEBUG] cheese - admin
[2020-06-09T19:07:53.765] [DEBUG] cheese - null
[2020-06-09T19:07:53.765] [DEBUG] cheese - null
[2020-06-09T19:34:06.462] [DEBUG] cheese - login => username:admin,password:123456
[2020-06-09T19:34:06.463] [DEBUG] cheese - admin
[2020-06-09T19:34:06.466] [DEBUG] cheese - null
[2020-06-09T19:34:06.479] [DEBUG] cheese - null
[2020-06-09T19:42:34.687] [DEBUG] cheese - login => username:admin,password:123456
[2020-06-09T19:42:34.687] [DEBUG] cheese - admin
[2020-06-09T19:42:34.692] [DEBUG] cheese - null
[2020-06-09T19:42:34.693] [DEBUG] cheese - null
[2020-06-09T19:44:35.305] [DEBUG] cheese - login => username:admin,password:123456
[2020-06-09T19:44:35.306] [DEBUG] cheese - admin
[2020-06-09T19:44:35.309] [DEBUG] cheese - null
[2020-06-09T19:44:35.309] [DEBUG] cheese - null
[2020-07-25T14:57:43.460] [DEBUG] cheese - login => username:admin,password:123456
[2020-07-25T14:57:43.461] [DEBUG] cheese - admin
[2020-07-25T14:57:43.679] [DEBUG] cheese - null
[2020-07-25T14:57:43.680] [DEBUG] cheese - null
[2020-07-25T14:58:18.373] [DEBUG] cheese - login => username:admin,password:123456
[2020-07-25T14:58:18.373] [DEBUG] cheese - admin
[2020-07-25T14:58:18.376] [DEBUG] cheese - null
[2020-07-25T14:58:18.377] [DEBUG] cheese - null
[2020-07-25T15:23:18.455] [DEBUG] cheese - login => username:admin,password:123456
[2020-07-25T15:23:18.455] [DEBUG] cheese - admin
[2020-07-25T15:23:18.457] [DEBUG] cheese - null
[2020-07-25T15:23:18.457] [DEBUG] cheese - null
[2020-07-25T16:30:16.189] [DEBUG] cheese - login => username:admin,password:123456
[2020-07-25T16:30:16.190] [DEBUG] cheese - admin
[2020-07-25T16:30:16.194] [DEBUG] cheese - null
[2020-07-25T16:30:16.194] [DEBUG] cheese - null
[2020-07-25T16:39:18.267] [DEBUG] cheese - login => username:admin,password:123456
[2020-07-25T16:39:18.268] [DEBUG] cheese - admin
[2020-07-25T16:39:18.270] [DEBUG] cheese - null
[2020-07-25T16:39:18.270] [DEBUG] cheese - null
